Copyright 1986-2022 Xilinx, Inc. All Rights Reserved. Copyright 2022-2023 Advanced Micro Devices, Inc. All Rights Reserved.
-----------------------------------------------------------------------------------------------------------------------------------------------
| Tool Version : Vivado v.2023.1 (lin64) Build 3865809 Sun May  7 15:04:56 MDT 2023
| Date         : Wed Dec  6 16:04:53 2023
| Host         : secil1.siame.univ-tlse3.fr running 64-bit unknown
| Command      : report_methodology -file pwm_methodology_drc_routed.rpt -pb pwm_methodology_drc_routed.pb -rpx pwm_methodology_drc_routed.rpx
| Design       : pwm
| Device       : xc7z020clg400-1
| Speed File   : -1
| Design State : Fully Routed
-----------------------------------------------------------------------------------------------------------------------------------------------

Report Methodology

Table of Contents
-----------------
1. REPORT SUMMARY
2. REPORT DETAILS

1. REPORT SUMMARY
-----------------
            Netlist: netlist
          Floorplan: design_1
      Design limits: <entire design considered>
             Max violations: <unlimited>
             Violations found: 7
+-----------+----------+-------------------------------+------------+
| Rule      | Severity | Description                   | Violations |
+-----------+----------+-------------------------------+------------+
| TIMING-18 | Warning  | Missing input or output delay | 7          |
+-----------+----------+-------------------------------+------------+

2. REPORT DETAILS
-----------------
TIMING-18#1 Warning
Missing input or output delay  
An input delay is missing on DUTY[0] relative to the rising and/or falling clock edge(s) of CLK.
Related violations: <none>

TIMING-18#2 Warning
Missing input or output delay  
An input delay is missing on DUTY[1] relative to the rising and/or falling clock edge(s) of CLK.
Related violations: <none>

TIMING-18#3 Warning
Missing input or output delay  
An input delay is missing on DUTY[2] relative to the rising and/or falling clock edge(s) of CLK.
Related violations: <none>

TIMING-18#4 Warning
Missing input or output delay  
An input delay is missing on DUTY[3] relative to the rising and/or falling clock edge(s) of CLK.
Related violations: <none>

TIMING-18#5 Warning
Missing input or output delay  
An input delay is missing on EN relative to the rising and/or falling clock edge(s) of CLK.
Related violations: <none>

TIMING-18#6 Warning
Missing input or output delay  
An input delay is missing on RST relative to the rising and/or falling clock edge(s) of CLK.
Related violations: <none>

TIMING-18#7 Warning
Missing input or output delay  
An output delay is missing on P relative to the rising and/or falling clock edge(s) of CLK.
Related violations: <none>


