Copyright 1986-2022 Xilinx, Inc. All Rights Reserved.
-----------------------------------------------------------------------------------------------------------------------------------------------------------------
| Tool Version : Vivado v.2022.1 (lin64) Build 3526262 Mon Apr 18 15:47:01 MDT 2022
| Date         : Thu Feb  2 16:03:32 2023
| Host         : pc-u3-305-04 running 64-bit Debian GNU/Linux 11 (bullseye)
| Command      : report_methodology -file pulse_gen_methodology_drc_routed.rpt -pb pulse_gen_methodology_drc_routed.pb -rpx pulse_gen_methodology_drc_routed.rpx
| Design       : pulse_gen
| Device       : xc7z020clg400-1
| Speed File   : -1
| Design State : Fully Routed
-----------------------------------------------------------------------------------------------------------------------------------------------------------------

Report Methodology

Table of Contents
-----------------
1. REPORT SUMMARY
2. REPORT DETAILS

1. REPORT SUMMARY
-----------------
            Netlist: netlist
          Floorplan: design_1
      Design limits: <entire design considered>
             Max violations: <unlimited>
             Violations found: 2
+-----------+----------+-------------------------------+------------+
| Rule      | Severity | Description                   | Violations |
+-----------+----------+-------------------------------+------------+
| TIMING-18 | Warning  | Missing input or output delay | 2          |
+-----------+----------+-------------------------------+------------+

2. REPORT DETAILS
-----------------
TIMING-18#1 Warning
Missing input or output delay  
An input delay is missing on RST relative to clock(s) MCLK
Related violations: <none>

TIMING-18#2 Warning
Missing input or output delay  
An output delay is missing on P relative to clock(s) MCLK
Related violations: <none>


