
*** Running vivado
    with args -log pulse_gen.vdi -applog -m64 -product Vivado -messageDb vivado.pb -mode batch -source pulse_gen.tcl -notrace


****** Vivado v2022.1 (64-bit)
  **** SW Build 3526262 on Mon Apr 18 15:47:01 MDT 2022
  **** IP Build 3524634 on Mon Apr 18 20:55:01 MDT 2022
    ** Copyright 1986-2022 Xilinx, Inc. All Rights Reserved.

Sourcing tcl script '/nfs/xilinx/Vivado/2022.1/scripts/Vivado_init.tcl'
source pulse_gen.tcl -notrace
create_project: Time (s): cpu = 00:00:06 ; elapsed = 00:00:06 . Memory (MB): peak = 2588.219 ; gain = 0.023 ; free physical = 6334 ; free virtual = 13982
INFO: [IP_Flow 19-234] Refreshing IP repositories
INFO: [IP_Flow 19-1700] Loaded user IP repository '/nfs/xilinx/vivado-library'.
INFO: [IP_Flow 19-2313] Loaded Vivado IP repository '/nfs/xilinx/Vivado/2022.1/data/ip'.
Command: link_design -top pulse_gen -part xc7z020clg400-1
Design is defaulting to srcset: sources_1
Design is defaulting to constrset: constrs_1
INFO: [Device 21-403] Loading part xc7z020clg400-1
Netlist sorting complete. Time (s): cpu = 00:00:00 ; elapsed = 00:00:00 . Memory (MB): peak = 2588.434 ; gain = 0.000 ; free physical = 5977 ; free virtual = 13628
INFO: [Project 1-479] Netlist was created with Vivado 2022.1
INFO: [Project 1-570] Preparing netlist for logic optimization
Parsing XDC File [/home/tnt3192a/documents/work/M1/S8/vhdl/zybo-tp1/zybo-tp1.srcs/constrs_1/new/pulse_gen.xdc]
Finished Parsing XDC File [/home/tnt3192a/documents/work/M1/S8/vhdl/zybo-tp1/zybo-tp1.srcs/constrs_1/new/pulse_gen.xdc]
INFO: [Opt 31-138] Pushed 0 inverter(s) to 0 load pin(s).
Netlist sorting complete. Time (s): cpu = 00:00:00 ; elapsed = 00:00:00 . Memory (MB): peak = 2644.379 ; gain = 0.000 ; free physical = 5856 ; free virtual = 13504
INFO: [Project 1-111] Unisim Transformation Summary:
No Unisim elements were transformed.

8 Infos, 0 Warnings, 0 Critical Warnings and 0 Errors encountered.
link_design completed successfully
Command: opt_design
Attempting to get a license for feature 'Implementation' and/or device 'xc7z020'
INFO: [Common 17-349] Got license for feature 'Implementation' and/or device 'xc7z020'
Running DRC as a precondition to command opt_design

Starting DRC Task
INFO: [DRC 23-27] Running DRC with 8 threads
INFO: [Project 1-461] DRC finished with 0 Errors
INFO: [Project 1-462] Please refer to the DRC report (report_drc) for more information.

Time (s): cpu = 00:00:00.91 ; elapsed = 00:00:00.57 . Memory (MB): peak = 2708.410 ; gain = 64.031 ; free physical = 5851 ; free virtual = 13500

Starting Cache Timing Information Task
INFO: [Timing 38-35] Done setting XDC timing constraints.
Ending Cache Timing Information Task | Checksum: 169912dfe

Time (s): cpu = 00:00:05 ; elapsed = 00:00:05 . Memory (MB): peak = 2726.223 ; gain = 17.812 ; free physical = 5416 ; free virtual = 13065

Starting Logic Optimization Task

Phase 1 Retarget
INFO: [Opt 31-138] Pushed 0 inverter(s) to 0 load pin(s).
In IDDR TRANSFORM
INFO: [Opt 31-49] Retargeted 0 cell(s).
Phase 1 Retarget | Checksum: 169912dfe

Time (s): cpu = 00:00:00.01 ; elapsed = 00:00:00.01 . Memory (MB): peak = 2978.332 ; gain = 0.000 ; free physical = 5204 ; free virtual = 12852
INFO: [Opt 31-389] Phase Retarget created 0 cells and removed 0 cells

Phase 2 Constant propagation
INFO: [Opt 31-138] Pushed 0 inverter(s) to 0 load pin(s).
Phase 2 Constant propagation | Checksum: 169912dfe

Time (s): cpu = 00:00:00.01 ; elapsed = 00:00:00.01 . Memory (MB): peak = 2978.332 ; gain = 0.000 ; free physical = 5204 ; free virtual = 12852
INFO: [Opt 31-389] Phase Constant propagation created 0 cells and removed 0 cells

Phase 3 Sweep
Phase 3 Sweep | Checksum: 169912dfe

Time (s): cpu = 00:00:00.01 ; elapsed = 00:00:00.01 . Memory (MB): peak = 2978.332 ; gain = 0.000 ; free physical = 5204 ; free virtual = 12852
INFO: [Opt 31-389] Phase Sweep created 0 cells and removed 0 cells

Phase 4 BUFG optimization
Phase 4 BUFG optimization | Checksum: 169912dfe

Time (s): cpu = 00:00:00.02 ; elapsed = 00:00:00.02 . Memory (MB): peak = 3010.348 ; gain = 32.016 ; free physical = 5204 ; free virtual = 12852
INFO: [Opt 31-662] Phase BUFG optimization created 0 cells of which 0 are BUFGs and removed 0 cells.

Phase 5 Shift Register Optimization
INFO: [Opt 31-1064] SRL Remap converted 0 SRLs to 0 registers and converted 0 registers of register chains to 0 SRLs
Phase 5 Shift Register Optimization | Checksum: 169912dfe

Time (s): cpu = 00:00:00.02 ; elapsed = 00:00:00.02 . Memory (MB): peak = 3010.348 ; gain = 32.016 ; free physical = 5204 ; free virtual = 12852
INFO: [Opt 31-389] Phase Shift Register Optimization created 0 cells and removed 0 cells

Phase 6 Post Processing Netlist
Phase 6 Post Processing Netlist | Checksum: 169912dfe

Time (s): cpu = 00:00:00.02 ; elapsed = 00:00:00.02 . Memory (MB): peak = 3010.348 ; gain = 32.016 ; free physical = 5204 ; free virtual = 12852
INFO: [Opt 31-389] Phase Post Processing Netlist created 0 cells and removed 0 cells
Opt_design Change Summary
=========================


-------------------------------------------------------------------------------------------------------------------------
|  Phase                        |  #Cells created  |  #Cells Removed  |  #Constrained objects preventing optimizations  |
-------------------------------------------------------------------------------------------------------------------------
|  Retarget                     |               0  |               0  |                                              0  |
|  Constant propagation         |               0  |               0  |                                              0  |
|  Sweep                        |               0  |               0  |                                              0  |
|  BUFG optimization            |               0  |               0  |                                              0  |
|  Shift Register Optimization  |               0  |               0  |                                              0  |
|  Post Processing Netlist      |               0  |               0  |                                              0  |
-------------------------------------------------------------------------------------------------------------------------



Starting Connectivity Check Task

Time (s): cpu = 00:00:00 ; elapsed = 00:00:00 . Memory (MB): peak = 3010.348 ; gain = 0.000 ; free physical = 5204 ; free virtual = 12852
Ending Logic Optimization Task | Checksum: 169912dfe

Time (s): cpu = 00:00:00.02 ; elapsed = 00:00:00.02 . Memory (MB): peak = 3010.348 ; gain = 32.016 ; free physical = 5204 ; free virtual = 12852

Starting Power Optimization Task
INFO: [Pwropt 34-132] Skipping clock gating for clocks with a period < 2.00 ns.
Ending Power Optimization Task | Checksum: 169912dfe

Time (s): cpu = 00:00:00 ; elapsed = 00:00:00 . Memory (MB): peak = 3010.348 ; gain = 0.000 ; free physical = 5203 ; free virtual = 12852

Starting Final Cleanup Task
Ending Final Cleanup Task | Checksum: 169912dfe

Time (s): cpu = 00:00:00 ; elapsed = 00:00:00 . Memory (MB): peak = 3010.348 ; gain = 0.000 ; free physical = 5203 ; free virtual = 12852

Starting Netlist Obfuscation Task
Netlist sorting complete. Time (s): cpu = 00:00:00 ; elapsed = 00:00:00 . Memory (MB): peak = 3010.348 ; gain = 0.000 ; free physical = 5203 ; free virtual = 12852
Ending Netlist Obfuscation Task | Checksum: 169912dfe

Time (s): cpu = 00:00:00 ; elapsed = 00:00:00 . Memory (MB): peak = 3010.348 ; gain = 0.000 ; free physical = 5203 ; free virtual = 12852
INFO: [Common 17-83] Releasing license: Implementation
25 Infos, 0 Warnings, 0 Critical Warnings and 0 Errors encountered.
opt_design completed successfully
opt_design: Time (s): cpu = 00:00:08 ; elapsed = 00:00:08 . Memory (MB): peak = 3010.348 ; gain = 365.969 ; free physical = 5203 ; free virtual = 12852
INFO: [Timing 38-480] Writing timing data to binary archive.
INFO: [Common 17-1381] The checkpoint '/home/tnt3192a/documents/work/M1/S8/vhdl/zybo-tp1/zybo-tp1.runs/impl_1/pulse_gen_opt.dcp' has been generated.
INFO: [runtcl-4] Executing : report_drc -file pulse_gen_drc_opted.rpt -pb pulse_gen_drc_opted.pb -rpx pulse_gen_drc_opted.rpx
Command: report_drc -file pulse_gen_drc_opted.rpt -pb pulse_gen_drc_opted.pb -rpx pulse_gen_drc_opted.rpx
INFO: [IP_Flow 19-1839] IP Catalog is up to date.
INFO: [Timing 38-35] Done setting XDC timing constraints.
INFO: [DRC 23-27] Running DRC with 8 threads
INFO: [Vivado_Tcl 2-168] The results of DRC are in file /home/tnt3192a/documents/work/M1/S8/vhdl/zybo-tp1/zybo-tp1.runs/impl_1/pulse_gen_drc_opted.rpt.
report_drc completed successfully
Command: place_design
Attempting to get a license for feature 'Implementation' and/or device 'xc7z020'
INFO: [Common 17-349] Got license for feature 'Implementation' and/or device 'xc7z020'
INFO: [DRC 23-27] Running DRC with 8 threads
INFO: [Vivado_Tcl 4-198] DRC finished with 0 Errors
INFO: [Vivado_Tcl 4-199] Please refer to the DRC report (report_drc) for more information.
Running DRC as a precondition to command place_design
INFO: [DRC 23-27] Running DRC with 8 threads
INFO: [Vivado_Tcl 4-198] DRC finished with 0 Errors
INFO: [Vivado_Tcl 4-199] Please refer to the DRC report (report_drc) for more information.

Starting Placer Task
INFO: [Place 30-611] Multithreading enabled for place_design using a maximum of 8 CPUs

Phase 1 Placer Initialization

Phase 1.1 Placer Initialization Netlist Sorting
Netlist sorting complete. Time (s): cpu = 00:00:00 ; elapsed = 00:00:00 . Memory (MB): peak = 3124.809 ; gain = 0.000 ; free physical = 5150 ; free virtual = 12799
Phase 1.1 Placer Initialization Netlist Sorting | Checksum: 9fa29ea4

Time (s): cpu = 00:00:00 ; elapsed = 00:00:00.02 . Memory (MB): peak = 3124.809 ; gain = 0.000 ; free physical = 5150 ; free virtual = 12799
Netlist sorting complete. Time (s): cpu = 00:00:00 ; elapsed = 00:00:00 . Memory (MB): peak = 3124.809 ; gain = 0.000 ; free physical = 5150 ; free virtual = 12799

Phase 1.2 IO Placement/ Clock Placement/ Build Placer Device
Phase 1.2 IO Placement/ Clock Placement/ Build Placer Device | Checksum: 1c555a45c

Time (s): cpu = 00:00:00.41 ; elapsed = 00:00:00.17 . Memory (MB): peak = 3124.809 ; gain = 0.000 ; free physical = 5169 ; free virtual = 12818

Phase 1.3 Build Placer Netlist Model
Phase 1.3 Build Placer Netlist Model | Checksum: 2a4e6c855

Time (s): cpu = 00:00:00.59 ; elapsed = 00:00:00.19 . Memory (MB): peak = 3124.809 ; gain = 0.000 ; free physical = 5179 ; free virtual = 12828

Phase 1.4 Constrain Clocks/Macros
Phase 1.4 Constrain Clocks/Macros | Checksum: 2a4e6c855

Time (s): cpu = 00:00:00.59 ; elapsed = 00:00:00.2 . Memory (MB): peak = 3124.809 ; gain = 0.000 ; free physical = 5179 ; free virtual = 12828
Phase 1 Placer Initialization | Checksum: 2a4e6c855

Time (s): cpu = 00:00:00.6 ; elapsed = 00:00:00.2 . Memory (MB): peak = 3124.809 ; gain = 0.000 ; free physical = 5179 ; free virtual = 12828

Phase 2 Global Placement

Phase 2.1 Floorplanning
Phase 2.1 Floorplanning | Checksum: 1f1f4996b

Time (s): cpu = 00:00:00.76 ; elapsed = 00:00:00.23 . Memory (MB): peak = 3124.809 ; gain = 0.000 ; free physical = 5175 ; free virtual = 12824

Phase 2.2 Update Timing before SLR Path Opt
Phase 2.2 Update Timing before SLR Path Opt | Checksum: 2a45ea5fd

Time (s): cpu = 00:00:00.76 ; elapsed = 00:00:00.23 . Memory (MB): peak = 3124.809 ; gain = 0.000 ; free physical = 5174 ; free virtual = 12823

Phase 2.3 Post-Processing in Floorplanning
Phase 2.3 Post-Processing in Floorplanning | Checksum: 2a45ea5fd

Time (s): cpu = 00:00:00.79 ; elapsed = 00:00:00.23 . Memory (MB): peak = 3124.809 ; gain = 0.000 ; free physical = 5175 ; free virtual = 12823

Phase 2.4 Global Placement Core

Phase 2.4.1 Physical Synthesis In Placer
INFO: [Physopt 32-1035] Found 0 LUTNM shape to break, 2 LUT instances to create LUTNM shape
INFO: [Physopt 32-1044] Break lutnm for timing: one critical 0, two critical 0, total 0, new lutff created 0
INFO: [Physopt 32-1138] End 1 Pass. Optimized 1 net or LUT. Breaked 0 LUT, combined 1 existing LUT and moved 0 existing LUT
INFO: [Physopt 32-65] No nets found for high-fanout optimization.
INFO: [Physopt 32-232] Optimized 0 net. Created 0 new instance.
INFO: [Physopt 32-775] End 1 Pass. Optimized 0 net or cell. Created 0 new cell, deleted 0 existing cell and moved 0 existing cell
INFO: [Physopt 32-670] No setup violation found.  DSP Register Optimization was not performed.
INFO: [Physopt 32-670] No setup violation found.  Shift Register to Pipeline Optimization was not performed.
INFO: [Physopt 32-670] No setup violation found.  Shift Register Optimization was not performed.
INFO: [Physopt 32-670] No setup violation found.  BRAM Register Optimization was not performed.
INFO: [Physopt 32-670] No setup violation found.  URAM Register Optimization was not performed.
INFO: [Physopt 32-949] No candidate nets found for dynamic/static region interface net replication
INFO: [Physopt 32-775] End 1 Pass. Optimized 0 net or cell. Created 0 new cell, deleted 0 existing cell and moved 0 existing cell
Netlist sorting complete. Time (s): cpu = 00:00:00 ; elapsed = 00:00:00 . Memory (MB): peak = 3124.809 ; gain = 0.000 ; free physical = 5150 ; free virtual = 12799

Summary of Physical Synthesis Optimizations
============================================


-----------------------------------------------------------------------------------------------------------------------------------------------------------
|  Optimization                                     |  Added Cells  |  Removed Cells  |  Optimized Cells/Nets  |  Dont Touch  |  Iterations  |  Elapsed   |
-----------------------------------------------------------------------------------------------------------------------------------------------------------
|  LUT Combining                                    |            0  |              1  |                     1  |           0  |           1  |  00:00:00  |
|  Retime                                           |            0  |              0  |                     0  |           0  |           1  |  00:00:00  |
|  Very High Fanout                                 |            0  |              0  |                     0  |           0  |           1  |  00:00:00  |
|  DSP Register                                     |            0  |              0  |                     0  |           0  |           0  |  00:00:00  |
|  Shift Register to Pipeline                       |            0  |              0  |                     0  |           0  |           0  |  00:00:00  |
|  Shift Register                                   |            0  |              0  |                     0  |           0  |           0  |  00:00:00  |
|  BRAM Register                                    |            0  |              0  |                     0  |           0  |           0  |  00:00:00  |
|  URAM Register                                    |            0  |              0  |                     0  |           0  |           0  |  00:00:00  |
|  Dynamic/Static Region Interface Net Replication  |            0  |              0  |                     0  |           0  |           1  |  00:00:00  |
|  Total                                            |            0  |              1  |                     1  |           0  |           4  |  00:00:00  |
-----------------------------------------------------------------------------------------------------------------------------------------------------------


Phase 2.4.1 Physical Synthesis In Placer | Checksum: 294f988e3

Time (s): cpu = 00:00:03 ; elapsed = 00:00:00.66 . Memory (MB): peak = 3124.809 ; gain = 0.000 ; free physical = 5150 ; free virtual = 12799
Phase 2.4 Global Placement Core | Checksum: 27f0f5aa2

Time (s): cpu = 00:00:03 ; elapsed = 00:00:00.68 . Memory (MB): peak = 3124.809 ; gain = 0.000 ; free physical = 5150 ; free virtual = 12799
Phase 2 Global Placement | Checksum: 27f0f5aa2

Time (s): cpu = 00:00:03 ; elapsed = 00:00:00.68 . Memory (MB): peak = 3124.809 ; gain = 0.000 ; free physical = 5150 ; free virtual = 12799

Phase 3 Detail Placement

Phase 3.1 Commit Multi Column Macros
Phase 3.1 Commit Multi Column Macros | Checksum: 288dd3a56

Time (s): cpu = 00:00:03 ; elapsed = 00:00:00.69 . Memory (MB): peak = 3124.809 ; gain = 0.000 ; free physical = 5150 ; free virtual = 12799

Phase 3.2 Commit Most Macros & LUTRAMs
Phase 3.2 Commit Most Macros & LUTRAMs | Checksum: 1ed440c27

Time (s): cpu = 00:00:03 ; elapsed = 00:00:00.69 . Memory (MB): peak = 3124.809 ; gain = 0.000 ; free physical = 5149 ; free virtual = 12798

Phase 3.3 Area Swap Optimization
Phase 3.3 Area Swap Optimization | Checksum: 1d520987d

Time (s): cpu = 00:00:03 ; elapsed = 00:00:00.7 . Memory (MB): peak = 3124.809 ; gain = 0.000 ; free physical = 5149 ; free virtual = 12798

Phase 3.4 Pipeline Register Optimization
Phase 3.4 Pipeline Register Optimization | Checksum: 1d520987d

Time (s): cpu = 00:00:03 ; elapsed = 00:00:00.7 . Memory (MB): peak = 3124.809 ; gain = 0.000 ; free physical = 5149 ; free virtual = 12798

Phase 3.5 Small Shape Detail Placement
Phase 3.5 Small Shape Detail Placement | Checksum: 190810435

Time (s): cpu = 00:00:04 ; elapsed = 00:00:00.81 . Memory (MB): peak = 3124.809 ; gain = 0.000 ; free physical = 5144 ; free virtual = 12793

Phase 3.6 Re-assign LUT pins
Phase 3.6 Re-assign LUT pins | Checksum: 190810435

Time (s): cpu = 00:00:04 ; elapsed = 00:00:00.81 . Memory (MB): peak = 3124.809 ; gain = 0.000 ; free physical = 5144 ; free virtual = 12793

Phase 3.7 Pipeline Register Optimization
Phase 3.7 Pipeline Register Optimization | Checksum: 190810435

Time (s): cpu = 00:00:04 ; elapsed = 00:00:00.81 . Memory (MB): peak = 3124.809 ; gain = 0.000 ; free physical = 5145 ; free virtual = 12793
Phase 3 Detail Placement | Checksum: 190810435

Time (s): cpu = 00:00:04 ; elapsed = 00:00:00.81 . Memory (MB): peak = 3124.809 ; gain = 0.000 ; free physical = 5145 ; free virtual = 12793

Phase 4 Post Placement Optimization and Clean-Up

Phase 4.1 Post Commit Optimization
INFO: [Timing 38-35] Done setting XDC timing constraints.

Phase 4.1.1 Post Placement Optimization
Post Placement Optimization Initialization | Checksum: 18252e401

Phase 4.1.1.1 BUFG Insertion

Starting Physical Synthesis Task

Phase 1 Physical Synthesis Initialization
INFO: [Physopt 32-721] Multithreading enabled for phys_opt_design using a maximum of 8 CPUs
INFO: [Physopt 32-619] Estimated Timing Summary | WNS=5.164 | TNS=0.000 |
Phase 1 Physical Synthesis Initialization | Checksum: 23fcc312f

Time (s): cpu = 00:00:00.01 ; elapsed = 00:00:00.01 . Memory (MB): peak = 3124.809 ; gain = 0.000 ; free physical = 5145 ; free virtual = 12794
INFO: [Place 46-56] BUFG insertion identified 0 candidate nets. Inserted BUFG: 0, Replicated BUFG Driver: 0, Skipped due to Placement/Routing Conflicts: 0, Skipped due to Timing Degradation: 0, Skipped due to Illegal Netlist: 0.
Ending Physical Synthesis Task | Checksum: 196b1b70e

Time (s): cpu = 00:00:00.01 ; elapsed = 00:00:00.01 . Memory (MB): peak = 3124.809 ; gain = 0.000 ; free physical = 5145 ; free virtual = 12794
Phase 4.1.1.1 BUFG Insertion | Checksum: 18252e401

Time (s): cpu = 00:00:04 ; elapsed = 00:00:00.86 . Memory (MB): peak = 3124.809 ; gain = 0.000 ; free physical = 5146 ; free virtual = 12795

Phase 4.1.1.2 Post Placement Timing Optimization
INFO: [Place 30-746] Post Placement Timing Summary WNS=5.164. For the most accurate timing information please run report_timing.
Phase 4.1.1.2 Post Placement Timing Optimization | Checksum: 19ad365ad

Time (s): cpu = 00:00:04 ; elapsed = 00:00:00.86 . Memory (MB): peak = 3124.809 ; gain = 0.000 ; free physical = 5146 ; free virtual = 12795

Time (s): cpu = 00:00:04 ; elapsed = 00:00:00.87 . Memory (MB): peak = 3124.809 ; gain = 0.000 ; free physical = 5146 ; free virtual = 12795
Phase 4.1 Post Commit Optimization | Checksum: 19ad365ad

Time (s): cpu = 00:00:04 ; elapsed = 00:00:00.87 . Memory (MB): peak = 3124.809 ; gain = 0.000 ; free physical = 5146 ; free virtual = 12795

Phase 4.2 Post Placement Cleanup
Phase 4.2 Post Placement Cleanup | Checksum: 19ad365ad

Time (s): cpu = 00:00:04 ; elapsed = 00:00:00.87 . Memory (MB): peak = 3124.809 ; gain = 0.000 ; free physical = 5147 ; free virtual = 12795

Phase 4.3 Placer Reporting

Phase 4.3.1 Print Estimated Congestion
INFO: [Place 30-612] Post-Placement Estimated Congestion 
 ____________________________________________________
|           | Global Congestion | Short Congestion  |
| Direction | Region Size       | Region Size       |
|___________|___________________|___________________|
|      North|                1x1|                1x1|
|___________|___________________|___________________|
|      South|                1x1|                1x1|
|___________|___________________|___________________|
|       East|                1x1|                1x1|
|___________|___________________|___________________|
|       West|                1x1|                1x1|
|___________|___________________|___________________|

Phase 4.3.1 Print Estimated Congestion | Checksum: 19ad365ad

Time (s): cpu = 00:00:04 ; elapsed = 00:00:00.87 . Memory (MB): peak = 3124.809 ; gain = 0.000 ; free physical = 5147 ; free virtual = 12795
Phase 4.3 Placer Reporting | Checksum: 19ad365ad

Time (s): cpu = 00:00:04 ; elapsed = 00:00:00.87 . Memory (MB): peak = 3124.809 ; gain = 0.000 ; free physical = 5147 ; free virtual = 12795

Phase 4.4 Final Placement Cleanup
Netlist sorting complete. Time (s): cpu = 00:00:00 ; elapsed = 00:00:00 . Memory (MB): peak = 3124.809 ; gain = 0.000 ; free physical = 5147 ; free virtual = 12795

Time (s): cpu = 00:00:04 ; elapsed = 00:00:00.87 . Memory (MB): peak = 3124.809 ; gain = 0.000 ; free physical = 5147 ; free virtual = 12795
Phase 4 Post Placement Optimization and Clean-Up | Checksum: f9e7a895

Time (s): cpu = 00:00:04 ; elapsed = 00:00:00.87 . Memory (MB): peak = 3124.809 ; gain = 0.000 ; free physical = 5147 ; free virtual = 12795
Ending Placer Task | Checksum: 2bd76a9c

Time (s): cpu = 00:00:04 ; elapsed = 00:00:00.87 . Memory (MB): peak = 3124.809 ; gain = 0.000 ; free physical = 5147 ; free virtual = 12795
INFO: [Common 17-83] Releasing license: Implementation
60 Infos, 0 Warnings, 0 Critical Warnings and 0 Errors encountered.
place_design completed successfully
INFO: [Timing 38-480] Writing timing data to binary archive.
Writing XDEF routing.
Writing XDEF routing logical nets.
Writing XDEF routing special nets.
Write XDEF Complete: Time (s): cpu = 00:00:00.07 ; elapsed = 00:00:00.16 . Memory (MB): peak = 3124.809 ; gain = 0.000 ; free physical = 5170 ; free virtual = 12820
INFO: [Common 17-1381] The checkpoint '/home/tnt3192a/documents/work/M1/S8/vhdl/zybo-tp1/zybo-tp1.runs/impl_1/pulse_gen_placed.dcp' has been generated.
INFO: [runtcl-4] Executing : report_io -file pulse_gen_io_placed.rpt
report_io: Time (s): cpu = 00:00:00.08 ; elapsed = 00:00:00.17 . Memory (MB): peak = 3124.809 ; gain = 0.000 ; free physical = 5164 ; free virtual = 12813
INFO: [runtcl-4] Executing : report_utilization -file pulse_gen_utilization_placed.rpt -pb pulse_gen_utilization_placed.pb
INFO: [runtcl-4] Executing : report_control_sets -verbose -file pulse_gen_control_sets_placed.rpt
report_control_sets: Time (s): cpu = 00:00:00.01 ; elapsed = 00:00:00.05 . Memory (MB): peak = 3124.809 ; gain = 0.000 ; free physical = 5174 ; free virtual = 12824
Command: phys_opt_design
Attempting to get a license for feature 'Implementation' and/or device 'xc7z020'
INFO: [Common 17-349] Got license for feature 'Implementation' and/or device 'xc7z020'
INFO: [Vivado_Tcl 4-383] Design worst setup slack (WNS) is greater than or equal to 0.000 ns. Skipping all physical synthesis optimizations.
INFO: [Vivado_Tcl 4-232] No setup violation found. The netlist was not modified.
INFO: [Common 17-83] Releasing license: Implementation
69 Infos, 0 Warnings, 0 Critical Warnings and 0 Errors encountered.
phys_opt_design completed successfully
INFO: [Timing 38-480] Writing timing data to binary archive.
Writing XDEF routing.
Writing XDEF routing logical nets.
Writing XDEF routing special nets.
Write XDEF Complete: Time (s): cpu = 00:00:00.08 ; elapsed = 00:00:00.1 . Memory (MB): peak = 3124.809 ; gain = 0.000 ; free physical = 5149 ; free virtual = 12799
INFO: [Common 17-1381] The checkpoint '/home/tnt3192a/documents/work/M1/S8/vhdl/zybo-tp1/zybo-tp1.runs/impl_1/pulse_gen_physopt.dcp' has been generated.
Command: route_design
Attempting to get a license for feature 'Implementation' and/or device 'xc7z020'
INFO: [Common 17-349] Got license for feature 'Implementation' and/or device 'xc7z020'
Running DRC as a precondition to command route_design
INFO: [DRC 23-27] Running DRC with 8 threads
INFO: [Vivado_Tcl 4-198] DRC finished with 0 Errors
INFO: [Vivado_Tcl 4-199] Please refer to the DRC report (report_drc) for more information.


Starting Routing Task
INFO: [Route 35-254] Multithreading enabled for route_design using a maximum of 8 CPUs

Phase 1 Build RT Design
Checksum: PlaceDB: c75422c ConstDB: 0 ShapeSum: 1f622870 RouteDB: 0
Post Restoration Checksum: NetGraph: 49c97f6f NumContArr: 19eb8808 Constraints: 0 Timing: 0
Phase 1 Build RT Design | Checksum: 63b50777

Time (s): cpu = 00:00:18 ; elapsed = 00:00:16 . Memory (MB): peak = 3173.746 ; gain = 48.938 ; free physical = 5016 ; free virtual = 12667

Phase 2 Router Initialization

Phase 2.1 Fix Topology Constraints
Phase 2.1 Fix Topology Constraints | Checksum: 63b50777

Time (s): cpu = 00:00:18 ; elapsed = 00:00:16 . Memory (MB): peak = 3197.742 ; gain = 72.934 ; free physical = 4977 ; free virtual = 12628

Phase 2.2 Pre Route Cleanup
Phase 2.2 Pre Route Cleanup | Checksum: 63b50777

Time (s): cpu = 00:00:18 ; elapsed = 00:00:16 . Memory (MB): peak = 3197.742 ; gain = 72.934 ; free physical = 4977 ; free virtual = 12628
 Number of Nodes with overlaps = 0

Phase 2.3 Update Timing
Phase 2.3 Update Timing | Checksum: 10ec82894

Time (s): cpu = 00:00:18 ; elapsed = 00:00:16 . Memory (MB): peak = 3214.633 ; gain = 89.824 ; free physical = 4967 ; free virtual = 12618
INFO: [Route 35-416] Intermediate Timing Summary | WNS=5.052  | TNS=0.000  | WHS=-0.067 | THS=-0.086 |


Router Utilization Summary
  Global Vertical Routing Utilization    = 0 %
  Global Horizontal Routing Utilization  = 0 %
  Routable Net Status*
  *Does not include unroutable nets such as driverless and loadless.
  Run report_route_status for detailed report.
  Number of Failed Nets               = 8
    (Failed Nets is the sum of unrouted and partially routed nets)
  Number of Unrouted Nets             = 8
  Number of Partially Routed Nets     = 0
  Number of Node Overlaps             = 0

Phase 2 Router Initialization | Checksum: 10767fcce

Time (s): cpu = 00:00:18 ; elapsed = 00:00:16 . Memory (MB): peak = 3220.688 ; gain = 95.879 ; free physical = 4964 ; free virtual = 12614

Phase 3 Initial Routing

Phase 3.1 Global Routing
Phase 3.1 Global Routing | Checksum: 10767fcce

Time (s): cpu = 00:00:18 ; elapsed = 00:00:16 . Memory (MB): peak = 3220.688 ; gain = 95.879 ; free physical = 4964 ; free virtual = 12614
Phase 3 Initial Routing | Checksum: da074253

Time (s): cpu = 00:00:19 ; elapsed = 00:00:16 . Memory (MB): peak = 3220.688 ; gain = 95.879 ; free physical = 4967 ; free virtual = 12617

Phase 4 Rip-up And Reroute

Phase 4.1 Global Iteration 0
 Number of Nodes with overlaps = 0
INFO: [Route 35-416] Intermediate Timing Summary | WNS=5.213  | TNS=0.000  | WHS=N/A    | THS=N/A    |

Phase 4.1 Global Iteration 0 | Checksum: 21b59ff73

Time (s): cpu = 00:00:19 ; elapsed = 00:00:16 . Memory (MB): peak = 3220.688 ; gain = 95.879 ; free physical = 4967 ; free virtual = 12617
Phase 4 Rip-up And Reroute | Checksum: 21b59ff73

Time (s): cpu = 00:00:19 ; elapsed = 00:00:16 . Memory (MB): peak = 3220.688 ; gain = 95.879 ; free physical = 4967 ; free virtual = 12617

Phase 5 Delay and Skew Optimization

Phase 5.1 Delay CleanUp
Phase 5.1 Delay CleanUp | Checksum: 21b59ff73

Time (s): cpu = 00:00:19 ; elapsed = 00:00:16 . Memory (MB): peak = 3220.688 ; gain = 95.879 ; free physical = 4967 ; free virtual = 12617

Phase 5.2 Clock Skew Optimization
Phase 5.2 Clock Skew Optimization | Checksum: 21b59ff73

Time (s): cpu = 00:00:19 ; elapsed = 00:00:16 . Memory (MB): peak = 3220.688 ; gain = 95.879 ; free physical = 4967 ; free virtual = 12617
Phase 5 Delay and Skew Optimization | Checksum: 21b59ff73

Time (s): cpu = 00:00:19 ; elapsed = 00:00:16 . Memory (MB): peak = 3220.688 ; gain = 95.879 ; free physical = 4967 ; free virtual = 12617

Phase 6 Post Hold Fix

Phase 6.1 Hold Fix Iter

Phase 6.1.1 Update Timing
Phase 6.1.1 Update Timing | Checksum: 1ffbe023b

Time (s): cpu = 00:00:19 ; elapsed = 00:00:16 . Memory (MB): peak = 3220.688 ; gain = 95.879 ; free physical = 4967 ; free virtual = 12617
INFO: [Route 35-416] Intermediate Timing Summary | WNS=5.366  | TNS=0.000  | WHS=0.253  | THS=0.000  |

Phase 6.1 Hold Fix Iter | Checksum: 1ffbe023b

Time (s): cpu = 00:00:19 ; elapsed = 00:00:16 . Memory (MB): peak = 3220.688 ; gain = 95.879 ; free physical = 4967 ; free virtual = 12617
Phase 6 Post Hold Fix | Checksum: 1ffbe023b

Time (s): cpu = 00:00:19 ; elapsed = 00:00:16 . Memory (MB): peak = 3220.688 ; gain = 95.879 ; free physical = 4967 ; free virtual = 12617

Phase 7 Route finalize

Router Utilization Summary
  Global Vertical Routing Utilization    = 0.00025888 %
  Global Horizontal Routing Utilization  = 0.000507099 %
  Routable Net Status*
  *Does not include unroutable nets such as driverless and loadless.
  Run report_route_status for detailed report.
  Number of Failed Nets               = 0
    (Failed Nets is the sum of unrouted and partially routed nets)
  Number of Unrouted Nets             = 0
  Number of Partially Routed Nets     = 0
  Number of Node Overlaps             = 0

Phase 7 Route finalize | Checksum: 1f4bbb27c

Time (s): cpu = 00:00:19 ; elapsed = 00:00:16 . Memory (MB): peak = 3220.688 ; gain = 95.879 ; free physical = 4967 ; free virtual = 12617

Phase 8 Verifying routed nets

 Verification completed successfully
Phase 8 Verifying routed nets | Checksum: 1f4bbb27c

Time (s): cpu = 00:00:19 ; elapsed = 00:00:16 . Memory (MB): peak = 3220.688 ; gain = 95.879 ; free physical = 4965 ; free virtual = 12616

Phase 9 Depositing Routes
Phase 9 Depositing Routes | Checksum: 1638e8901

Time (s): cpu = 00:00:19 ; elapsed = 00:00:16 . Memory (MB): peak = 3236.695 ; gain = 111.887 ; free physical = 4965 ; free virtual = 12616

Phase 10 Post Router Timing
INFO: [Route 35-57] Estimated Timing Summary | WNS=5.366  | TNS=0.000  | WHS=0.253  | THS=0.000  |

INFO: [Route 35-327] The final timing numbers are based on the router estimated timing analysis. For a complete and accurate timing signoff, please run report_timing_summary.
Phase 10 Post Router Timing | Checksum: 1638e8901

Time (s): cpu = 00:00:19 ; elapsed = 00:00:16 . Memory (MB): peak = 3236.695 ; gain = 111.887 ; free physical = 4965 ; free virtual = 12616
INFO: [Route 35-16] Router Completed Successfully

Time (s): cpu = 00:00:19 ; elapsed = 00:00:16 . Memory (MB): peak = 3236.695 ; gain = 111.887 ; free physical = 5011 ; free virtual = 12661

Routing Is Done.
INFO: [Common 17-83] Releasing license: Implementation
83 Infos, 0 Warnings, 0 Critical Warnings and 0 Errors encountered.
route_design completed successfully
route_design: Time (s): cpu = 00:00:20 ; elapsed = 00:00:16 . Memory (MB): peak = 3236.695 ; gain = 111.887 ; free physical = 5011 ; free virtual = 12661
INFO: [Timing 38-480] Writing timing data to binary archive.
Writing XDEF routing.
Writing XDEF routing logical nets.
Writing XDEF routing special nets.
Write XDEF Complete: Time (s): cpu = 00:00:00.07 ; elapsed = 00:00:00.25 . Memory (MB): peak = 3236.695 ; gain = 0.000 ; free physical = 5007 ; free virtual = 12658
INFO: [Common 17-1381] The checkpoint '/home/tnt3192a/documents/work/M1/S8/vhdl/zybo-tp1/zybo-tp1.runs/impl_1/pulse_gen_routed.dcp' has been generated.
INFO: [runtcl-4] Executing : report_drc -file pulse_gen_drc_routed.rpt -pb pulse_gen_drc_routed.pb -rpx pulse_gen_drc_routed.rpx
Command: report_drc -file pulse_gen_drc_routed.rpt -pb pulse_gen_drc_routed.pb -rpx pulse_gen_drc_routed.rpx
INFO: [IP_Flow 19-1839] IP Catalog is up to date.
INFO: [DRC 23-27] Running DRC with 8 threads
INFO: [Vivado_Tcl 2-168] The results of DRC are in file /home/tnt3192a/documents/work/M1/S8/vhdl/zybo-tp1/zybo-tp1.runs/impl_1/pulse_gen_drc_routed.rpt.
report_drc completed successfully
INFO: [runtcl-4] Executing : report_methodology -file pulse_gen_methodology_drc_routed.rpt -pb pulse_gen_methodology_drc_routed.pb -rpx pulse_gen_methodology_drc_routed.rpx
Command: report_methodology -file pulse_gen_methodology_drc_routed.rpt -pb pulse_gen_methodology_drc_routed.pb -rpx pulse_gen_methodology_drc_routed.rpx
INFO: [Timing 38-35] Done setting XDC timing constraints.
INFO: [DRC 23-133] Running Methodology with 8 threads
INFO: [Vivado_Tcl 2-1520] The results of Report Methodology are in file /home/tnt3192a/documents/work/M1/S8/vhdl/zybo-tp1/zybo-tp1.runs/impl_1/pulse_gen_methodology_drc_routed.rpt.
report_methodology completed successfully
INFO: [runtcl-4] Executing : report_power -file pulse_gen_power_routed.rpt -pb pulse_gen_power_summary_routed.pb -rpx pulse_gen_power_routed.rpx
Command: report_power -file pulse_gen_power_routed.rpt -pb pulse_gen_power_summary_routed.pb -rpx pulse_gen_power_routed.rpx
INFO: [Timing 38-35] Done setting XDC timing constraints.
Running Vector-less Activity Propagation...

Finished Running Vector-less Activity Propagation
95 Infos, 0 Warnings, 0 Critical Warnings and 0 Errors encountered.
report_power completed successfully
INFO: [runtcl-4] Executing : report_route_status -file pulse_gen_route_status.rpt -pb pulse_gen_route_status.pb
INFO: [runtcl-4] Executing : report_timing_summary -max_paths 10 -report_unconstrained -file pulse_gen_timing_summary_routed.rpt -pb pulse_gen_timing_summary_routed.pb -rpx pulse_gen_timing_summary_routed.rpx -warn_on_violation 
INFO: [Timing 38-91] UpdateTimingParams: Speed grade: -1, Delay Type: min_max.
INFO: [Timing 38-191] Multithreading enabled for timing update using a maximum of 8 CPUs
INFO: [runtcl-4] Executing : report_incremental_reuse -file pulse_gen_incremental_reuse_routed.rpt
INFO: [Vivado_Tcl 4-1062] Incremental flow is disabled. No incremental reuse Info to report.
INFO: [runtcl-4] Executing : report_clock_utilization -file pulse_gen_clock_utilization_routed.rpt
INFO: [runtcl-4] Executing : report_bus_skew -warn_on_violation -file pulse_gen_bus_skew_routed.rpt -pb pulse_gen_bus_skew_routed.pb -rpx pulse_gen_bus_skew_routed.rpx
INFO: [Timing 38-91] UpdateTimingParams: Speed grade: -1, Delay Type: min_max.
INFO: [Timing 38-191] Multithreading enabled for timing update using a maximum of 8 CPUs
INFO: [Common 17-206] Exiting Vivado at Fri Jan 27 12:01:39 2023...
