   0  $accept : %entry% $end

   1  program : INT DIMENSIONS OF config END opt_statements EOF

   2  config : INT DOT_DOT INT
   3         | fields

   4  fields : field
   5         | fields COMMA field

   6  field : ID OF INT DOT_DOT INT

   7  opt_statements :
   8                 | opt_statements statement

   9  elseif : ELSEIF condition THEN opt_statements elseif
  10         | ELSEIF condition THEN opt_statements
  11         | ELSE opt_statements

  12  statement : cell ASSIGN expression
  13            | ID ASSIGN expression
  14            | IF condition THEN opt_statements END
  15            | IF condition THEN opt_statements elseif END

  16  cell : LBRACKET INT COMMA INT RBRACKET

  17  operand : cell
  18          | INT
  19          | ID
  20          | LPAR expression RPAR
  21          | SUB operand
  22          | ADD operand

  23  expressionPrio1 : operand
  24                  | expressionPrio1 MUL operand
  25                  | expressionPrio1 DIV operand
  26                  | expressionPrio1 MOD operand

  27  expression : expressionPrio1
  28             | expression ADD expressionPrio1
  29             | expression SUB expressionPrio1

  30  condition : expression LESS expression
  31            | expression GREATER expression
  32            | expression LESSEQ expression
  33            | expression GREATEREQ expression
  34            | expression EQUALS expression
  35            | expression DIFF expression

  36  %entry% : '\001' program

state 0
	$accept : . %entry% $end  (0)

	'\001'  shift 1
	.  error

	%entry%  goto 2


state 1
	%entry% : '\001' . program  (36)

	INT  shift 3
	.  error

	program  goto 4


state 2
	$accept : %entry% . $end  (0)

	$end  accept


state 3
	program : INT . DIMENSIONS OF config END opt_statements EOF  (1)

	DIMENSIONS  shift 5
	.  error


state 4
	%entry% : '\001' program .  (36)

	.  reduce 36


state 5
	program : INT DIMENSIONS . OF config END opt_statements EOF  (1)

	OF  shift 6
	.  error


state 6
	program : INT DIMENSIONS OF . config END opt_statements EOF  (1)

	ID  shift 7
	INT  shift 8
	.  error

	config  goto 9
	fields  goto 10
	field  goto 11


state 7
	field : ID . OF INT DOT_DOT INT  (6)

	OF  shift 12
	.  error


state 8
	config : INT . DOT_DOT INT  (2)

	DOT_DOT  shift 13
	.  error


state 9
	program : INT DIMENSIONS OF config . END opt_statements EOF  (1)

	END  shift 14
	.  error


state 10
	config : fields .  (3)
	fields : fields . COMMA field  (5)

	COMMA  shift 15
	END  reduce 3


state 11
	fields : field .  (4)

	.  reduce 4


state 12
	field : ID OF . INT DOT_DOT INT  (6)

	INT  shift 16
	.  error


state 13
	config : INT DOT_DOT . INT  (2)

	INT  shift 17
	.  error


state 14
	program : INT DIMENSIONS OF config END . opt_statements EOF  (1)
	opt_statements : .  (7)

	.  reduce 7

	opt_statements  goto 18


state 15
	fields : fields COMMA . field  (5)

	ID  shift 7
	.  error

	field  goto 19


state 16
	field : ID OF INT . DOT_DOT INT  (6)

	DOT_DOT  shift 20
	.  error


state 17
	config : INT DOT_DOT INT .  (2)

	.  reduce 2


state 18
	program : INT DIMENSIONS OF config END opt_statements . EOF  (1)
	opt_statements : opt_statements . statement  (8)

	EOF  shift 21
	LBRACKET  shift 22
	IF  shift 23
	ID  shift 24
	.  error

	statement  goto 25
	cell  goto 26


state 19
	fields : fields COMMA field .  (5)

	.  reduce 5


state 20
	field : ID OF INT DOT_DOT . INT  (6)

	INT  shift 27
	.  error


state 21
	program : INT DIMENSIONS OF config END opt_statements EOF .  (1)

	.  reduce 1


state 22
	cell : LBRACKET . INT COMMA INT RBRACKET  (16)

	INT  shift 28
	.  error


state 23
	statement : IF . condition THEN opt_statements END  (14)
	statement : IF . condition THEN opt_statements elseif END  (15)

	LBRACKET  shift 22
	LPAR  shift 29
	ADD  shift 30
	SUB  shift 31
	ID  shift 32
	INT  shift 33
	.  error

	condition  goto 34
	cell  goto 35
	expression  goto 36
	operand  goto 37
	expressionPrio1  goto 38


state 24
	statement : ID . ASSIGN expression  (13)

	ASSIGN  shift 39
	.  error


state 25
	opt_statements : opt_statements statement .  (8)

	.  reduce 8


state 26
	statement : cell . ASSIGN expression  (12)

	ASSIGN  shift 40
	.  error


state 27
	field : ID OF INT DOT_DOT INT .  (6)

	.  reduce 6


state 28
	cell : LBRACKET INT . COMMA INT RBRACKET  (16)

	COMMA  shift 41
	.  error


state 29
	operand : LPAR . expression RPAR  (20)

	LBRACKET  shift 22
	LPAR  shift 29
	ADD  shift 30
	SUB  shift 31
	ID  shift 32
	INT  shift 33
	.  error

	cell  goto 35
	expression  goto 42
	operand  goto 37
	expressionPrio1  goto 38


state 30
	operand : ADD . operand  (22)

	LBRACKET  shift 22
	LPAR  shift 29
	ADD  shift 30
	SUB  shift 31
	ID  shift 32
	INT  shift 33
	.  error

	cell  goto 35
	operand  goto 43


state 31
	operand : SUB . operand  (21)

	LBRACKET  shift 22
	LPAR  shift 29
	ADD  shift 30
	SUB  shift 31
	ID  shift 32
	INT  shift 33
	.  error

	cell  goto 35
	operand  goto 44


state 32
	operand : ID .  (19)

	.  reduce 19


state 33
	operand : INT .  (18)

	.  reduce 18


state 34
	statement : IF condition . THEN opt_statements END  (14)
	statement : IF condition . THEN opt_statements elseif END  (15)

	THEN  shift 45
	.  error


state 35
	operand : cell .  (17)

	.  reduce 17


state 36
	expression : expression . ADD expressionPrio1  (28)
	expression : expression . SUB expressionPrio1  (29)
	condition : expression . LESS expression  (30)
	condition : expression . GREATER expression  (31)
	condition : expression . LESSEQ expression  (32)
	condition : expression . GREATEREQ expression  (33)
	condition : expression . EQUALS expression  (34)
	condition : expression . DIFF expression  (35)

	ADD  shift 46
	SUB  shift 47
	LESS  shift 48
	GREATER  shift 49
	LESSEQ  shift 50
	GREATEREQ  shift 51
	EQUALS  shift 52
	DIFF  shift 53
	.  error


state 37
	expressionPrio1 : operand .  (23)

	.  reduce 23


state 38
	expressionPrio1 : expressionPrio1 . MUL operand  (24)
	expressionPrio1 : expressionPrio1 . DIV operand  (25)
	expressionPrio1 : expressionPrio1 . MOD operand  (26)
	expression : expressionPrio1 .  (27)

	MUL  shift 54
	DIV  shift 55
	MOD  shift 56
	EOF  reduce 27
	END  reduce 27
	LBRACKET  reduce 27
	RPAR  reduce 27
	ADD  reduce 27
	SUB  reduce 27
	IF  reduce 27
	THEN  reduce 27
	ELSE  reduce 27
	ELSEIF  reduce 27
	LESS  reduce 27
	GREATER  reduce 27
	LESSEQ  reduce 27
	GREATEREQ  reduce 27
	EQUALS  reduce 27
	DIFF  reduce 27
	ID  reduce 27


state 39
	statement : ID ASSIGN . expression  (13)

	LBRACKET  shift 22
	LPAR  shift 29
	ADD  shift 30
	SUB  shift 31
	ID  shift 32
	INT  shift 33
	.  error

	cell  goto 35
	expression  goto 57
	operand  goto 37
	expressionPrio1  goto 38


state 40
	statement : cell ASSIGN . expression  (12)

	LBRACKET  shift 22
	LPAR  shift 29
	ADD  shift 30
	SUB  shift 31
	ID  shift 32
	INT  shift 33
	.  error

	cell  goto 35
	expression  goto 58
	operand  goto 37
	expressionPrio1  goto 38


state 41
	cell : LBRACKET INT COMMA . INT RBRACKET  (16)

	INT  shift 59
	.  error


state 42
	operand : LPAR expression . RPAR  (20)
	expression : expression . ADD expressionPrio1  (28)
	expression : expression . SUB expressionPrio1  (29)

	RPAR  shift 60
	ADD  shift 46
	SUB  shift 47
	.  error


state 43
	operand : ADD operand .  (22)

	.  reduce 22


state 44
	operand : SUB operand .  (21)

	.  reduce 21


state 45
	statement : IF condition THEN . opt_statements END  (14)
	statement : IF condition THEN . opt_statements elseif END  (15)
	opt_statements : .  (7)

	.  reduce 7

	opt_statements  goto 61


state 46
	expression : expression ADD . expressionPrio1  (28)

	LBRACKET  shift 22
	LPAR  shift 29
	ADD  shift 30
	SUB  shift 31
	ID  shift 32
	INT  shift 33
	.  error

	cell  goto 35
	operand  goto 37
	expressionPrio1  goto 62


state 47
	expression : expression SUB . expressionPrio1  (29)

	LBRACKET  shift 22
	LPAR  shift 29
	ADD  shift 30
	SUB  shift 31
	ID  shift 32
	INT  shift 33
	.  error

	cell  goto 35
	operand  goto 37
	expressionPrio1  goto 63


state 48
	condition : expression LESS . expression  (30)

	LBRACKET  shift 22
	LPAR  shift 29
	ADD  shift 30
	SUB  shift 31
	ID  shift 32
	INT  shift 33
	.  error

	cell  goto 35
	expression  goto 64
	operand  goto 37
	expressionPrio1  goto 38


state 49
	condition : expression GREATER . expression  (31)

	LBRACKET  shift 22
	LPAR  shift 29
	ADD  shift 30
	SUB  shift 31
	ID  shift 32
	INT  shift 33
	.  error

	cell  goto 35
	expression  goto 65
	operand  goto 37
	expressionPrio1  goto 38


state 50
	condition : expression LESSEQ . expression  (32)

	LBRACKET  shift 22
	LPAR  shift 29
	ADD  shift 30
	SUB  shift 31
	ID  shift 32
	INT  shift 33
	.  error

	cell  goto 35
	expression  goto 66
	operand  goto 37
	expressionPrio1  goto 38


state 51
	condition : expression GREATEREQ . expression  (33)

	LBRACKET  shift 22
	LPAR  shift 29
	ADD  shift 30
	SUB  shift 31
	ID  shift 32
	INT  shift 33
	.  error

	cell  goto 35
	expression  goto 67
	operand  goto 37
	expressionPrio1  goto 38


state 52
	condition : expression EQUALS . expression  (34)

	LBRACKET  shift 22
	LPAR  shift 29
	ADD  shift 30
	SUB  shift 31
	ID  shift 32
	INT  shift 33
	.  error

	cell  goto 35
	expression  goto 68
	operand  goto 37
	expressionPrio1  goto 38


state 53
	condition : expression DIFF . expression  (35)

	LBRACKET  shift 22
	LPAR  shift 29
	ADD  shift 30
	SUB  shift 31
	ID  shift 32
	INT  shift 33
	.  error

	cell  goto 35
	expression  goto 69
	operand  goto 37
	expressionPrio1  goto 38


state 54
	expressionPrio1 : expressionPrio1 MUL . operand  (24)

	LBRACKET  shift 22
	LPAR  shift 29
	ADD  shift 30
	SUB  shift 31
	ID  shift 32
	INT  shift 33
	.  error

	cell  goto 35
	operand  goto 70


state 55
	expressionPrio1 : expressionPrio1 DIV . operand  (25)

	LBRACKET  shift 22
	LPAR  shift 29
	ADD  shift 30
	SUB  shift 31
	ID  shift 32
	INT  shift 33
	.  error

	cell  goto 35
	operand  goto 71


state 56
	expressionPrio1 : expressionPrio1 MOD . operand  (26)

	LBRACKET  shift 22
	LPAR  shift 29
	ADD  shift 30
	SUB  shift 31
	ID  shift 32
	INT  shift 33
	.  error

	cell  goto 35
	operand  goto 72


state 57
	statement : ID ASSIGN expression .  (13)
	expression : expression . ADD expressionPrio1  (28)
	expression : expression . SUB expressionPrio1  (29)

	ADD  shift 46
	SUB  shift 47
	EOF  reduce 13
	END  reduce 13
	LBRACKET  reduce 13
	IF  reduce 13
	ELSE  reduce 13
	ELSEIF  reduce 13
	ID  reduce 13


state 58
	statement : cell ASSIGN expression .  (12)
	expression : expression . ADD expressionPrio1  (28)
	expression : expression . SUB expressionPrio1  (29)

	ADD  shift 46
	SUB  shift 47
	EOF  reduce 12
	END  reduce 12
	LBRACKET  reduce 12
	IF  reduce 12
	ELSE  reduce 12
	ELSEIF  reduce 12
	ID  reduce 12


state 59
	cell : LBRACKET INT COMMA INT . RBRACKET  (16)

	RBRACKET  shift 73
	.  error


state 60
	operand : LPAR expression RPAR .  (20)

	.  reduce 20


state 61
	opt_statements : opt_statements . statement  (8)
	statement : IF condition THEN opt_statements . END  (14)
	statement : IF condition THEN opt_statements . elseif END  (15)

	END  shift 74
	LBRACKET  shift 22
	IF  shift 23
	ELSE  shift 75
	ELSEIF  shift 76
	ID  shift 24
	.  error

	statement  goto 25
	elseif  goto 77
	cell  goto 26


state 62
	expressionPrio1 : expressionPrio1 . MUL operand  (24)
	expressionPrio1 : expressionPrio1 . DIV operand  (25)
	expressionPrio1 : expressionPrio1 . MOD operand  (26)
	expression : expression ADD expressionPrio1 .  (28)

	MUL  shift 54
	DIV  shift 55
	MOD  shift 56
	EOF  reduce 28
	END  reduce 28
	LBRACKET  reduce 28
	RPAR  reduce 28
	ADD  reduce 28
	SUB  reduce 28
	IF  reduce 28
	THEN  reduce 28
	ELSE  reduce 28
	ELSEIF  reduce 28
	LESS  reduce 28
	GREATER  reduce 28
	LESSEQ  reduce 28
	GREATEREQ  reduce 28
	EQUALS  reduce 28
	DIFF  reduce 28
	ID  reduce 28


state 63
	expressionPrio1 : expressionPrio1 . MUL operand  (24)
	expressionPrio1 : expressionPrio1 . DIV operand  (25)
	expressionPrio1 : expressionPrio1 . MOD operand  (26)
	expression : expression SUB expressionPrio1 .  (29)

	MUL  shift 54
	DIV  shift 55
	MOD  shift 56
	EOF  reduce 29
	END  reduce 29
	LBRACKET  reduce 29
	RPAR  reduce 29
	ADD  reduce 29
	SUB  reduce 29
	IF  reduce 29
	THEN  reduce 29
	ELSE  reduce 29
	ELSEIF  reduce 29
	LESS  reduce 29
	GREATER  reduce 29
	LESSEQ  reduce 29
	GREATEREQ  reduce 29
	EQUALS  reduce 29
	DIFF  reduce 29
	ID  reduce 29


state 64
	expression : expression . ADD expressionPrio1  (28)
	expression : expression . SUB expressionPrio1  (29)
	condition : expression LESS expression .  (30)

	ADD  shift 46
	SUB  shift 47
	THEN  reduce 30


state 65
	expression : expression . ADD expressionPrio1  (28)
	expression : expression . SUB expressionPrio1  (29)
	condition : expression GREATER expression .  (31)

	ADD  shift 46
	SUB  shift 47
	THEN  reduce 31


state 66
	expression : expression . ADD expressionPrio1  (28)
	expression : expression . SUB expressionPrio1  (29)
	condition : expression LESSEQ expression .  (32)

	ADD  shift 46
	SUB  shift 47
	THEN  reduce 32


state 67
	expression : expression . ADD expressionPrio1  (28)
	expression : expression . SUB expressionPrio1  (29)
	condition : expression GREATEREQ expression .  (33)

	ADD  shift 46
	SUB  shift 47
	THEN  reduce 33


state 68
	expression : expression . ADD expressionPrio1  (28)
	expression : expression . SUB expressionPrio1  (29)
	condition : expression EQUALS expression .  (34)

	ADD  shift 46
	SUB  shift 47
	THEN  reduce 34


state 69
	expression : expression . ADD expressionPrio1  (28)
	expression : expression . SUB expressionPrio1  (29)
	condition : expression DIFF expression .  (35)

	ADD  shift 46
	SUB  shift 47
	THEN  reduce 35


state 70
	expressionPrio1 : expressionPrio1 MUL operand .  (24)

	.  reduce 24


state 71
	expressionPrio1 : expressionPrio1 DIV operand .  (25)

	.  reduce 25


state 72
	expressionPrio1 : expressionPrio1 MOD operand .  (26)

	.  reduce 26


state 73
	cell : LBRACKET INT COMMA INT RBRACKET .  (16)

	.  reduce 16


state 74
	statement : IF condition THEN opt_statements END .  (14)

	.  reduce 14


state 75
	elseif : ELSE . opt_statements  (11)
	opt_statements : .  (7)

	.  reduce 7

	opt_statements  goto 78


state 76
	elseif : ELSEIF . condition THEN opt_statements elseif  (9)
	elseif : ELSEIF . condition THEN opt_statements  (10)

	LBRACKET  shift 22
	LPAR  shift 29
	ADD  shift 30
	SUB  shift 31
	ID  shift 32
	INT  shift 33
	.  error

	condition  goto 79
	cell  goto 35
	expression  goto 36
	operand  goto 37
	expressionPrio1  goto 38


state 77
	statement : IF condition THEN opt_statements elseif . END  (15)

	END  shift 80
	.  error


state 78
	opt_statements : opt_statements . statement  (8)
	elseif : ELSE opt_statements .  (11)

	LBRACKET  shift 22
	IF  shift 23
	ID  shift 24
	END  reduce 11

	statement  goto 25
	cell  goto 26


state 79
	elseif : ELSEIF condition . THEN opt_statements elseif  (9)
	elseif : ELSEIF condition . THEN opt_statements  (10)

	THEN  shift 81
	.  error


state 80
	statement : IF condition THEN opt_statements elseif END .  (15)

	.  reduce 15


state 81
	elseif : ELSEIF condition THEN . opt_statements elseif  (9)
	elseif : ELSEIF condition THEN . opt_statements  (10)
	opt_statements : .  (7)

	.  reduce 7

	opt_statements  goto 82


state 82
	opt_statements : opt_statements . statement  (8)
	elseif : ELSEIF condition THEN opt_statements . elseif  (9)
	elseif : ELSEIF condition THEN opt_statements .  (10)

	LBRACKET  shift 22
	IF  shift 23
	ELSE  shift 75
	ELSEIF  shift 76
	ID  shift 24
	END  reduce 10

	statement  goto 25
	elseif  goto 83
	cell  goto 26


state 83
	elseif : ELSEIF condition THEN opt_statements elseif .  (9)

	.  reduce 9


32 terminals, 14 nonterminals
37 grammar rules, 84 states
